<?xml version="1.0" encoding="UTF-8"?>
<testsuite xmlns:xsi="http://www.w3.org/2001/XMLSchema-instance" xsi:noNamespaceSchemaLocation="https://maven.apache.org/surefire/maven-surefire-plugin/xsd/surefire-test-report-3.0.xsd" version="3.0" name="com.alibaba.craftsman.domain.BugMetricTest" time="0.0" tests="3" errors="0" skipped="0" failures="0">
  <properties>
    <property name="java.specification.version" value="17"/>
    <property name="sun.jnu.encoding" value="UTF-8"/>
    <property name="java.class.path" value="/Users/leogao/dev/cola-project/leoSpace/craftsman/craftsman-domain/target/test-classes:/Users/leogao/dev/cola-project/leoSpace/craftsman/craftsman-domain/target/classes:/Users/leogao/repo/com/alibaba/cola/cola-component-dto/4.4.0-SNAPSHOT/cola-component-dto-4.4.0-SNAPSHOT.jar:/Users/leogao/repo/com/alibaba/cola/cola-component-exception/4.4.0-SNAPSHOT/cola-component-exception-4.4.0-SNAPSHOT.jar:/Users/leogao/repo/com/alibaba/cola/cola-component-domain-starter/4.4.0-SNAPSHOT/cola-component-domain-starter-4.4.0-SNAPSHOT.jar:/Users/leogao/repo/org/slf4j/slf4j-api/1.7.36/slf4j-api-1.7.36.jar:/Users/leogao/repo/com/alibaba/fastjson/1.2.83/fastjson-1.2.83.jar:/Users/leogao/repo/org/projectlombok/lombok/1.18.24/lombok-1.18.24.jar:/Users/leogao/repo/junit/junit/4.13.2/junit-4.13.2.jar:/Users/leogao/repo/org/hamcrest/hamcrest-core/2.2/hamcrest-core-2.2.jar:/Users/leogao/repo/org/hamcrest/hamcrest/2.2/hamcrest-2.2.jar:"/>
    <property name="java.vm.vendor" value="Oracle Corporation"/>
    <property name="sun.arch.data.model" value="64"/>
    <property name="java.vendor.url" value="https://java.oracle.com/"/>
    <property name="user.timezone" value="Asia/Shanghai"/>
    <property name="os.name" value="Mac OS X"/>
    <property name="java.vm.specification.version" value="17"/>
    <property name="sun.java.launcher" value="SUN_STANDARD"/>
    <property name="user.country" value="CN"/>
    <property name="sun.boot.library.path" value="/Library/Java/JavaVirtualMachines/jdk-17.jdk/Contents/Home/lib"/>
    <property name="sun.java.command" value="/Users/leogao/dev/cola-project/leoSpace/craftsman/craftsman-domain/target/surefire/surefirebooter-20240514151331327_3.jar /Users/leogao/dev/cola-project/leoSpace/craftsman/craftsman-domain/target/surefire 2024-05-14T15-13-31_161-jvmRun1 surefire-20240514151331327_1tmp surefire_0-20240514151331327_2tmp"/>
    <property name="http.nonProxyHosts" value="192.168.0.0/16|*.192.168.0.0/16|10.0.0.0/8|*.10.0.0.0/8|172.16.0.0/12|*.172.16.0.0/12|127.0.0.1|localhost|*.localhost|local|*.local"/>
    <property name="jdk.debug" value="release"/>
    <property name="surefire.test.class.path" value="/Users/leogao/dev/cola-project/leoSpace/craftsman/craftsman-domain/target/test-classes:/Users/leogao/dev/cola-project/leoSpace/craftsman/craftsman-domain/target/classes:/Users/leogao/repo/com/alibaba/cola/cola-component-dto/4.4.0-SNAPSHOT/cola-component-dto-4.4.0-SNAPSHOT.jar:/Users/leogao/repo/com/alibaba/cola/cola-component-exception/4.4.0-SNAPSHOT/cola-component-exception-4.4.0-SNAPSHOT.jar:/Users/leogao/repo/com/alibaba/cola/cola-component-domain-starter/4.4.0-SNAPSHOT/cola-component-domain-starter-4.4.0-SNAPSHOT.jar:/Users/leogao/repo/org/slf4j/slf4j-api/1.7.36/slf4j-api-1.7.36.jar:/Users/leogao/repo/com/alibaba/fastjson/1.2.83/fastjson-1.2.83.jar:/Users/leogao/repo/org/projectlombok/lombok/1.18.24/lombok-1.18.24.jar:/Users/leogao/repo/junit/junit/4.13.2/junit-4.13.2.jar:/Users/leogao/repo/org/hamcrest/hamcrest-core/2.2/hamcrest-core-2.2.jar:/Users/leogao/repo/org/hamcrest/hamcrest/2.2/hamcrest-2.2.jar:"/>
    <property name="sun.cpu.endian" value="little"/>
    <property name="user.home" value="/Users/leogao"/>
    <property name="user.language" value="en"/>
    <property name="java.specification.vendor" value="Oracle Corporation"/>
    <property name="java.version.date" value="2023-07-18"/>
    <property name="java.home" value="/Library/Java/JavaVirtualMachines/jdk-17.jdk/Contents/Home"/>
    <property name="file.separator" value="/"/>
    <property name="basedir" value="/Users/leogao/dev/cola-project/leoSpace/craftsman/craftsman-domain"/>
    <property name="java.vm.compressedOopsMode" value="Zero based"/>
    <property name="line.separator" value="&#10;"/>
    <property name="java.specification.name" value="Java Platform API Specification"/>
    <property name="java.vm.specification.vendor" value="Oracle Corporation"/>
    <property name="surefire.real.class.path" value="/Users/leogao/dev/cola-project/leoSpace/craftsman/craftsman-domain/target/surefire/surefirebooter-20240514151331327_3.jar"/>
    <property name="sun.management.compiler" value="HotSpot 64-Bit Tiered Compilers"/>
    <property name="ftp.nonProxyHosts" value="192.168.0.0/16|*.192.168.0.0/16|10.0.0.0/8|*.10.0.0.0/8|172.16.0.0/12|*.172.16.0.0/12|127.0.0.1|localhost|*.localhost|local|*.local"/>
    <property name="java.runtime.version" value="17.0.8+9-LTS-211"/>
    <property name="user.name" value="leogao"/>
    <property name="path.separator" value=":"/>
    <property name="os.version" value="14.4.1"/>
    <property name="java.runtime.name" value="Java(TM) SE Runtime Environment"/>
    <property name="file.encoding" value="UTF-8"/>
    <property name="java.vm.name" value="Java HotSpot(TM) 64-Bit Server VM"/>
    <property name="localRepository" value="/Users/leogao/repo"/>
    <property name="java.vendor.url.bug" value="https://bugreport.java.com/bugreport/"/>
    <property name="java.io.tmpdir" value="/var/folders/g7/93p_w_g10r55qnm3c8mhsl400000gn/T/"/>
    <property name="idea.version" value="2024.1"/>
    <property name="java.version" value="17.0.8"/>
    <property name="user.dir" value="/Users/leogao/dev/cola-project/leoSpace/craftsman/craftsman-domain"/>
    <property name="os.arch" value="aarch64"/>
    <property name="java.vm.specification.name" value="Java Virtual Machine Specification"/>
    <property name="native.encoding" value="UTF-8"/>
    <property name="java.library.path" value="/Users/leogao/Library/Java/Extensions:/Library/Java/Extensions:/Network/Library/Java/Extensions:/System/Library/Java/Extensions:/usr/lib/java:."/>
    <property name="java.vm.info" value="mixed mode, sharing"/>
    <property name="java.vendor" value="Oracle Corporation"/>
    <property name="java.vm.version" value="17.0.8+9-LTS-211"/>
    <property name="sun.io.unicode.encoding" value="UnicodeBig"/>
    <property name="maven.repo.local" value="/Users/leogao/repo"/>
    <property name="socksNonProxyHosts" value="192.168.0.0/16|*.192.168.0.0/16|10.0.0.0/8|*.10.0.0.0/8|172.16.0.0/12|*.172.16.0.0/12|127.0.0.1|localhost|*.localhost|local|*.local"/>
    <property name="java.class.version" value="61.0"/>
  </properties>
  <testcase name="test5BugsPer1000LinesCode" classname="com.alibaba.craftsman.domain.BugMetricTest" time="0.0"/>
  <testcase name="test5BugsPer10000LinesCode" classname="com.alibaba.craftsman.domain.BugMetricTest" time="0.0"/>
  <testcase name="test2BugsPer1000LinesCode" classname="com.alibaba.craftsman.domain.BugMetricTest" time="0.0"/>
</testsuite>