<?xml version="1.0" encoding="UTF-8"?>
<testsuite xmlns:xsi="http://www.w3.org/2001/XMLSchema-instance" xsi:noNamespaceSchemaLocation="https://maven.apache.org/surefire/maven-surefire-plugin/xsd/surefire-test-report-3.0.xsd" version="3.0" name="com.alibaba.craftsman.app.ContextInterceptorTest" time="0.028" tests="2" errors="0" skipped="0" failures="0">
  <properties>
    <property name="java.specification.version" value="17"/>
    <property name="sun.jnu.encoding" value="UTF-8"/>
    <property name="java.class.path" value="/Users/leogao/dev/cola-project/leoSpace/craftsman/craftsman-app/target/test-classes:/Users/leogao/dev/cola-project/leoSpace/craftsman/craftsman-app/target/classes:/Users/leogao/dev/cola-project/leoSpace/craftsman/craftsman-client/target/craftsman-client-1.0.0-SNAPSHOT.jar:/Users/leogao/repo/com/alibaba/cola/cola-component-dto/4.4.0-SNAPSHOT/cola-component-dto-4.4.0-SNAPSHOT.jar:/Users/leogao/repo/javax/validation/validation-api/2.0.1.Final/validation-api-2.0.1.Final.jar:/Users/leogao/dev/cola-project/leoSpace/craftsman/craftsman-infrastructure/target/craftsman-infrastructure-1.0.0-SNAPSHOT.jar:/Users/leogao/dev/cola-project/leoSpace/craftsman/craftsman-domain/target/craftsman-domain-1.0.0-SNAPSHOT.jar:/Users/leogao/repo/com/alibaba/cola/cola-component-domain-starter/4.4.0-SNAPSHOT/cola-component-domain-starter-4.4.0-SNAPSHOT.jar:/Users/leogao/repo/org/mybatis/spring/boot/mybatis-spring-boot-starter/2.2.2/mybatis-spring-boot-starter-2.2.2.jar:/Users/leogao/repo/org/springframework/boot/spring-boot-starter/2.7.5/spring-boot-starter-2.7.5.jar:/Users/leogao/repo/org/springframework/boot/spring-boot/2.7.5/spring-boot-2.7.5.jar:/Users/leogao/repo/org/springframework/spring-context/5.3.23/spring-context-5.3.23.jar:/Users/leogao/repo/org/springframework/spring-expression/5.3.23/spring-expression-5.3.23.jar:/Users/leogao/repo/org/springframework/boot/spring-boot-autoconfigure/2.7.5/spring-boot-autoconfigure-2.7.5.jar:/Users/leogao/repo/org/springframework/boot/spring-boot-starter-logging/2.7.5/spring-boot-starter-logging-2.7.5.jar:/Users/leogao/repo/ch/qos/logback/logback-classic/1.2.11/logback-classic-1.2.11.jar:/Users/leogao/repo/ch/qos/logback/logback-core/1.2.11/logback-core-1.2.11.jar:/Users/leogao/repo/org/apache/logging/log4j/log4j-to-slf4j/2.17.2/log4j-to-slf4j-2.17.2.jar:/Users/leogao/repo/org/apache/logging/log4j/log4j-api/2.17.2/log4j-api-2.17.2.jar:/Users/leogao/repo/org/slf4j/jul-to-slf4j/1.7.36/jul-to-slf4j-1.7.36.jar:/Users/leogao/repo/jakarta/annotation/jakarta.annotation-api/1.3.5/jakarta.annotation-api-1.3.5.jar:/Users/leogao/repo/org/springframework/spring-core/5.3.23/spring-core-5.3.23.jar:/Users/leogao/repo/org/springframework/spring-jcl/5.3.23/spring-jcl-5.3.23.jar:/Users/leogao/repo/org/yaml/snakeyaml/1.30/snakeyaml-1.30.jar:/Users/leogao/repo/org/springframework/boot/spring-boot-starter-jdbc/2.7.5/spring-boot-starter-jdbc-2.7.5.jar:/Users/leogao/repo/com/zaxxer/HikariCP/4.0.3/HikariCP-4.0.3.jar:/Users/leogao/repo/org/springframework/spring-jdbc/5.3.23/spring-jdbc-5.3.23.jar:/Users/leogao/repo/org/springframework/spring-tx/5.3.23/spring-tx-5.3.23.jar:/Users/leogao/repo/org/mybatis/spring/boot/mybatis-spring-boot-autoconfigure/2.2.2/mybatis-spring-boot-autoconfigure-2.2.2.jar:/Users/leogao/repo/org/mybatis/mybatis/3.5.9/mybatis-3.5.9.jar:/Users/leogao/repo/org/mybatis/mybatis-spring/2.0.7/mybatis-spring-2.0.7.jar:/Users/leogao/repo/com/mysql/mysql-connector-j/8.0.31/mysql-connector-j-8.0.31.jar:/Users/leogao/repo/com/alibaba/fastjson/1.2.83/fastjson-1.2.83.jar:/Users/leogao/repo/com/alibaba/cola/cola-component-catchlog-starter/4.4.0-SNAPSHOT/cola-component-catchlog-starter-4.4.0-SNAPSHOT.jar:/Users/leogao/repo/org/springframework/boot/spring-boot-starter-aop/2.7.5/spring-boot-starter-aop-2.7.5.jar:/Users/leogao/repo/org/springframework/spring-aop/5.3.23/spring-aop-5.3.23.jar:/Users/leogao/repo/org/springframework/spring-beans/5.3.23/spring-beans-5.3.23.jar:/Users/leogao/repo/org/aspectj/aspectjweaver/1.9.7/aspectjweaver-1.9.7.jar:/Users/leogao/repo/org/slf4j/slf4j-api/1.7.36/slf4j-api-1.7.36.jar:/Users/leogao/repo/com/alibaba/cola/cola-component-exception/4.4.0-SNAPSHOT/cola-component-exception-4.4.0-SNAPSHOT.jar:/Users/leogao/repo/org/hibernate/validator/hibernate-validator/6.2.5.Final/hibernate-validator-6.2.5.Final.jar:/Users/leogao/repo/jakarta/validation/jakarta.validation-api/2.0.2/jakarta.validation-api-2.0.2.jar:/Users/leogao/repo/org/jboss/logging/jboss-logging/3.4.3.Final/jboss-logging-3.4.3.Final.jar:/Users/leogao/repo/com/fasterxml/classmate/1.5.1/classmate-1.5.1.jar:/Users/leogao/repo/javax/el/javax.el-api/3.0.0/javax.el-api-3.0.0.jar:/Users/leogao/repo/org/glassfish/jakarta.el/3.0.4/jakarta.el-3.0.4.jar:/Users/leogao/repo/org/projectlombok/lombok/1.18.24/lombok-1.18.24.jar:/Users/leogao/repo/junit/junit/4.13.2/junit-4.13.2.jar:/Users/leogao/repo/org/hamcrest/hamcrest-core/2.2/hamcrest-core-2.2.jar:/Users/leogao/repo/org/hamcrest/hamcrest/2.2/hamcrest-2.2.jar:"/>
    <property name="java.vm.vendor" value="Oracle Corporation"/>
    <property name="sun.arch.data.model" value="64"/>
    <property name="java.vendor.url" value="https://java.oracle.com/"/>
    <property name="os.name" value="Mac OS X"/>
    <property name="java.vm.specification.version" value="17"/>
    <property name="sun.java.launcher" value="SUN_STANDARD"/>
    <property name="user.country" value="CN"/>
    <property name="sun.boot.library.path" value="/Library/Java/JavaVirtualMachines/jdk-17.jdk/Contents/Home/lib"/>
    <property name="sun.java.command" value="/Users/leogao/dev/cola-project/leoSpace/craftsman/craftsman-app/target/surefire/surefirebooter-20240514151332029_10.jar /Users/leogao/dev/cola-project/leoSpace/craftsman/craftsman-app/target/surefire 2024-05-14T15-13-31_161-jvmRun1 surefire-20240514151332029_8tmp surefire_2-20240514151332029_9tmp"/>
    <property name="http.nonProxyHosts" value="192.168.0.0/16|*.192.168.0.0/16|10.0.0.0/8|*.10.0.0.0/8|172.16.0.0/12|*.172.16.0.0/12|127.0.0.1|localhost|*.localhost|local|*.local"/>
    <property name="jdk.debug" value="release"/>
    <property name="surefire.test.class.path" value="/Users/leogao/dev/cola-project/leoSpace/craftsman/craftsman-app/target/test-classes:/Users/leogao/dev/cola-project/leoSpace/craftsman/craftsman-app/target/classes:/Users/leogao/dev/cola-project/leoSpace/craftsman/craftsman-client/target/craftsman-client-1.0.0-SNAPSHOT.jar:/Users/leogao/repo/com/alibaba/cola/cola-component-dto/4.4.0-SNAPSHOT/cola-component-dto-4.4.0-SNAPSHOT.jar:/Users/leogao/repo/javax/validation/validation-api/2.0.1.Final/validation-api-2.0.1.Final.jar:/Users/leogao/dev/cola-project/leoSpace/craftsman/craftsman-infrastructure/target/craftsman-infrastructure-1.0.0-SNAPSHOT.jar:/Users/leogao/dev/cola-project/leoSpace/craftsman/craftsman-domain/target/craftsman-domain-1.0.0-SNAPSHOT.jar:/Users/leogao/repo/com/alibaba/cola/cola-component-domain-starter/4.4.0-SNAPSHOT/cola-component-domain-starter-4.4.0-SNAPSHOT.jar:/Users/leogao/repo/org/mybatis/spring/boot/mybatis-spring-boot-starter/2.2.2/mybatis-spring-boot-starter-2.2.2.jar:/Users/leogao/repo/org/springframework/boot/spring-boot-starter/2.7.5/spring-boot-starter-2.7.5.jar:/Users/leogao/repo/org/springframework/boot/spring-boot/2.7.5/spring-boot-2.7.5.jar:/Users/leogao/repo/org/springframework/spring-context/5.3.23/spring-context-5.3.23.jar:/Users/leogao/repo/org/springframework/spring-expression/5.3.23/spring-expression-5.3.23.jar:/Users/leogao/repo/org/springframework/boot/spring-boot-autoconfigure/2.7.5/spring-boot-autoconfigure-2.7.5.jar:/Users/leogao/repo/org/springframework/boot/spring-boot-starter-logging/2.7.5/spring-boot-starter-logging-2.7.5.jar:/Users/leogao/repo/ch/qos/logback/logback-classic/1.2.11/logback-classic-1.2.11.jar:/Users/leogao/repo/ch/qos/logback/logback-core/1.2.11/logback-core-1.2.11.jar:/Users/leogao/repo/org/apache/logging/log4j/log4j-to-slf4j/2.17.2/log4j-to-slf4j-2.17.2.jar:/Users/leogao/repo/org/apache/logging/log4j/log4j-api/2.17.2/log4j-api-2.17.2.jar:/Users/leogao/repo/org/slf4j/jul-to-slf4j/1.7.36/jul-to-slf4j-1.7.36.jar:/Users/leogao/repo/jakarta/annotation/jakarta.annotation-api/1.3.5/jakarta.annotation-api-1.3.5.jar:/Users/leogao/repo/org/springframework/spring-core/5.3.23/spring-core-5.3.23.jar:/Users/leogao/repo/org/springframework/spring-jcl/5.3.23/spring-jcl-5.3.23.jar:/Users/leogao/repo/org/yaml/snakeyaml/1.30/snakeyaml-1.30.jar:/Users/leogao/repo/org/springframework/boot/spring-boot-starter-jdbc/2.7.5/spring-boot-starter-jdbc-2.7.5.jar:/Users/leogao/repo/com/zaxxer/HikariCP/4.0.3/HikariCP-4.0.3.jar:/Users/leogao/repo/org/springframework/spring-jdbc/5.3.23/spring-jdbc-5.3.23.jar:/Users/leogao/repo/org/springframework/spring-tx/5.3.23/spring-tx-5.3.23.jar:/Users/leogao/repo/org/mybatis/spring/boot/mybatis-spring-boot-autoconfigure/2.2.2/mybatis-spring-boot-autoconfigure-2.2.2.jar:/Users/leogao/repo/org/mybatis/mybatis/3.5.9/mybatis-3.5.9.jar:/Users/leogao/repo/org/mybatis/mybatis-spring/2.0.7/mybatis-spring-2.0.7.jar:/Users/leogao/repo/com/mysql/mysql-connector-j/8.0.31/mysql-connector-j-8.0.31.jar:/Users/leogao/repo/com/alibaba/fastjson/1.2.83/fastjson-1.2.83.jar:/Users/leogao/repo/com/alibaba/cola/cola-component-catchlog-starter/4.4.0-SNAPSHOT/cola-component-catchlog-starter-4.4.0-SNAPSHOT.jar:/Users/leogao/repo/org/springframework/boot/spring-boot-starter-aop/2.7.5/spring-boot-starter-aop-2.7.5.jar:/Users/leogao/repo/org/springframework/spring-aop/5.3.23/spring-aop-5.3.23.jar:/Users/leogao/repo/org/springframework/spring-beans/5.3.23/spring-beans-5.3.23.jar:/Users/leogao/repo/org/aspectj/aspectjweaver/1.9.7/aspectjweaver-1.9.7.jar:/Users/leogao/repo/org/slf4j/slf4j-api/1.7.36/slf4j-api-1.7.36.jar:/Users/leogao/repo/com/alibaba/cola/cola-component-exception/4.4.0-SNAPSHOT/cola-component-exception-4.4.0-SNAPSHOT.jar:/Users/leogao/repo/org/hibernate/validator/hibernate-validator/6.2.5.Final/hibernate-validator-6.2.5.Final.jar:/Users/leogao/repo/jakarta/validation/jakarta.validation-api/2.0.2/jakarta.validation-api-2.0.2.jar:/Users/leogao/repo/org/jboss/logging/jboss-logging/3.4.3.Final/jboss-logging-3.4.3.Final.jar:/Users/leogao/repo/com/fasterxml/classmate/1.5.1/classmate-1.5.1.jar:/Users/leogao/repo/javax/el/javax.el-api/3.0.0/javax.el-api-3.0.0.jar:/Users/leogao/repo/org/glassfish/jakarta.el/3.0.4/jakarta.el-3.0.4.jar:/Users/leogao/repo/org/projectlombok/lombok/1.18.24/lombok-1.18.24.jar:/Users/leogao/repo/junit/junit/4.13.2/junit-4.13.2.jar:/Users/leogao/repo/org/hamcrest/hamcrest-core/2.2/hamcrest-core-2.2.jar:/Users/leogao/repo/org/hamcrest/hamcrest/2.2/hamcrest-2.2.jar:"/>
    <property name="sun.cpu.endian" value="little"/>
    <property name="user.home" value="/Users/leogao"/>
    <property name="user.language" value="en"/>
    <property name="java.specification.vendor" value="Oracle Corporation"/>
    <property name="java.version.date" value="2023-07-18"/>
    <property name="java.home" value="/Library/Java/JavaVirtualMachines/jdk-17.jdk/Contents/Home"/>
    <property name="file.separator" value="/"/>
    <property name="basedir" value="/Users/leogao/dev/cola-project/leoSpace/craftsman/craftsman-app"/>
    <property name="java.vm.compressedOopsMode" value="Zero based"/>
    <property name="line.separator" value="&#10;"/>
    <property name="java.specification.name" value="Java Platform API Specification"/>
    <property name="java.vm.specification.vendor" value="Oracle Corporation"/>
    <property name="surefire.real.class.path" value="/Users/leogao/dev/cola-project/leoSpace/craftsman/craftsman-app/target/surefire/surefirebooter-20240514151332029_10.jar"/>
    <property name="sun.management.compiler" value="HotSpot 64-Bit Tiered Compilers"/>
    <property name="ftp.nonProxyHosts" value="192.168.0.0/16|*.192.168.0.0/16|10.0.0.0/8|*.10.0.0.0/8|172.16.0.0/12|*.172.16.0.0/12|127.0.0.1|localhost|*.localhost|local|*.local"/>
    <property name="java.runtime.version" value="17.0.8+9-LTS-211"/>
    <property name="user.name" value="leogao"/>
    <property name="path.separator" value=":"/>
    <property name="os.version" value="14.4.1"/>
    <property name="java.runtime.name" value="Java(TM) SE Runtime Environment"/>
    <property name="file.encoding" value="UTF-8"/>
    <property name="java.vm.name" value="Java HotSpot(TM) 64-Bit Server VM"/>
    <property name="localRepository" value="/Users/leogao/repo"/>
    <property name="java.vendor.url.bug" value="https://bugreport.java.com/bugreport/"/>
    <property name="java.io.tmpdir" value="/var/folders/g7/93p_w_g10r55qnm3c8mhsl400000gn/T/"/>
    <property name="idea.version" value="2024.1"/>
    <property name="java.version" value="17.0.8"/>
    <property name="user.dir" value="/Users/leogao/dev/cola-project/leoSpace/craftsman/craftsman-app"/>
    <property name="os.arch" value="aarch64"/>
    <property name="java.vm.specification.name" value="Java Virtual Machine Specification"/>
    <property name="native.encoding" value="UTF-8"/>
    <property name="java.library.path" value="/Users/leogao/Library/Java/Extensions:/Library/Java/Extensions:/Network/Library/Java/Extensions:/System/Library/Java/Extensions:/usr/lib/java:."/>
    <property name="java.vm.info" value="mixed mode, sharing"/>
    <property name="java.vendor" value="Oracle Corporation"/>
    <property name="java.vm.version" value="17.0.8+9-LTS-211"/>
    <property name="sun.io.unicode.encoding" value="UnicodeBig"/>
    <property name="maven.repo.local" value="/Users/leogao/repo"/>
    <property name="socksNonProxyHosts" value="192.168.0.0/16|*.192.168.0.0/16|10.0.0.0/8|*.10.0.0.0/8|172.16.0.0/12|*.172.16.0.0/12|127.0.0.1|localhost|*.localhost|local|*.local"/>
    <property name="java.class.version" value="61.0"/>
  </properties>
  <testcase name="testOperatorContext" classname="com.alibaba.craftsman.app.ContextInterceptorTest" time="0.001"/>
  <testcase name="testNoOperatorContext" classname="com.alibaba.craftsman.app.ContextInterceptorTest" time="0.0"/>
</testsuite>